0 info it worked if it ends with ok
1 verbose cli [ 'node', '/usr/local/bin/npm', 'install', '-g', 'node-gyp' ]
2 info using npm@2.13.3
3 info using node@v0.12.4
4 verbose install initial load of /usr/local/lib/package.json
5 verbose readDependencies loading dependencies from /usr/local/lib/package.json
6 silly cache add args [ 'node-gyp', null ]
7 verbose cache add spec node-gyp
8 silly cache add parsed spec { raw: 'node-gyp',
8 silly cache add   scope: null,
8 silly cache add   name: 'node-gyp',
8 silly cache add   rawSpec: '',
8 silly cache add   spec: '*',
8 silly cache add   type: 'range' }
9 silly addNamed node-gyp@*
10 verbose addNamed "*" is a valid semver range for node-gyp
11 silly addNameRange { name: 'node-gyp', range: '*', hasData: false }
12 silly mapToRegistry name node-gyp
13 silly mapToRegistry using default registry
14 silly mapToRegistry registry http://r.npmjs.dp/
15 silly mapToRegistry uri http://r.npmjs.dp/node-gyp
16 verbose addNameRange registry:http://r.npmjs.dp/node-gyp not in flight; fetching
17 verbose request uri http://r.npmjs.dp/node-gyp
18 verbose request no auth needed
19 info attempt registry request try #1 at 20:03:08
20 verbose request id 0124d869bebf75b9
21 http request GET http://r.npmjs.dp/node-gyp
22 http 200 http://r.npmjs.dp/node-gyp
23 silly get cb [ 200,
23 silly get   { server: 'DP Web 2.0',
23 silly get     date: 'Mon, 26 Oct 2015 12:03:08 GMT',
23 silly get     'content-type': 'application/json; charset=utf-8',
23 silly get     'transfer-encoding': 'chunked',
23 silly get     connection: 'keep-alive',
23 silly get     'keep-alive': 'timeout=5',
23 silly get     vary: 'Accept-Encoding',
23 silly get     'x-readtime': '56',
23 silly get     'content-encoding': 'gzip' } ]
24 verbose get saving node-gyp to /Users/lihaoyang/.npm/r.npmjs.dp/node-gyp/.cache.json
25 silly addNameRange number 2 { name: 'node-gyp', range: '*', hasData: true }
26 silly addNameRange versions [ 'node-gyp',
26 silly addNameRange   [ '3.0.3',
26 silly addNameRange     '3.0.2',
26 silly addNameRange     '3.0.1',
26 silly addNameRange     '3.0.0',
26 silly addNameRange     '2.0.2',
26 silly addNameRange     '2.0.1',
26 silly addNameRange     '2.0.0',
26 silly addNameRange     '1.0.3',
26 silly addNameRange     '1.0.2',
26 silly addNameRange     '1.0.1',
26 silly addNameRange     '1.0.0',
26 silly addNameRange     '0.13.1',
26 silly addNameRange     '0.13.0',
26 silly addNameRange     '0.12.2',
26 silly addNameRange     '0.12.1',
26 silly addNameRange     '0.12.0',
26 silly addNameRange     '0.11.0',
26 silly addNameRange     '0.10.10',
26 silly addNameRange     '0.10.9',
26 silly addNameRange     '0.10.8',
26 silly addNameRange     '0.10.7',
26 silly addNameRange     '0.10.6',
26 silly addNameRange     '0.10.5',
26 silly addNameRange     '0.10.4',
26 silly addNameRange     '0.10.3',
26 silly addNameRange     '0.10.2',
26 silly addNameRange     '0.10.1',
26 silly addNameRange     '0.10.0',
26 silly addNameRange     '0.9.6',
26 silly addNameRange     '0.9.5',
26 silly addNameRange     '0.9.4',
26 silly addNameRange     '0.9.3',
26 silly addNameRange     '0.9.2',
26 silly addNameRange     '0.9.1',
26 silly addNameRange     '0.9.0',
26 silly addNameRange     '0.8.5',
26 silly addNameRange     '0.8.4',
26 silly addNameRange     '0.8.3',
26 silly addNameRange     '0.8.2',
26 silly addNameRange     '0.8.1',
26 silly addNameRange     '0.8.0',
26 silly addNameRange     '0.7.3',
26 silly addNameRange     '0.7.2',
26 silly addNameRange     '0.7.1',
26 silly addNameRange     '0.7.0',
26 silly addNameRange     '0.6.11',
26 silly addNameRange     '0.6.10',
26 silly addNameRange     '0.6.9',
26 silly addNameRange     '0.6.8',
26 silly addNameRange     '0.6.7',
26 silly addNameRange     '0.6.6',
26 silly addNameRange     '0.6.5',
26 silly addNameRange     '0.6.4',
26 silly addNameRange     '0.6.3',
26 silly addNameRange     '0.6.2',
26 silly addNameRange     '0.6.1',
26 silly addNameRange     '0.6.0',
26 silly addNameRange     '0.5.8',
26 silly addNameRange     '0.5.7',
26 silly addNameRange     '0.5.6',
26 silly addNameRange     '0.5.5',
26 silly addNameRange     '0.5.4',
26 silly addNameRange     '0.5.3',
26 silly addNameRange     '0.5.2',
26 silly addNameRange     '0.5.1',
26 silly addNameRange     '0.5.0',
26 silly addNameRange     '0.4.5',
26 silly addNameRange     '0.4.4',
26 silly addNameRange     '0.4.3',
26 silly addNameRange     '0.4.2',
26 silly addNameRange     '0.4.1',
26 silly addNameRange     '0.4.0',
26 silly addNameRange     '0.3.11',
26 silly addNameRange     '0.3.10',
26 silly addNameRange     '0.3.9',
26 silly addNameRange     '0.3.8',
26 silly addNameRange     '0.3.7',
26 silly addNameRange     '0.3.6',
26 silly addNameRange     '0.3.5',
26 silly addNameRange     '0.3.4',
26 silly addNameRange     '0.3.2',
26 silly addNameRange     '0.3.1',
26 silly addNameRange     '0.3.0',
26 silly addNameRange     '0.2.2',
26 silly addNameRange     '0.2.1',
26 silly addNameRange     '0.2.0',
26 silly addNameRange     '0.1.4',
26 silly addNameRange     '0.1.3',
26 silly addNameRange     '0.1.2',
26 silly addNameRange     '0.1.1',
26 silly addNameRange     '0.1.0',
26 silly addNameRange     '0.0.6',
26 silly addNameRange     '0.0.5',
26 silly addNameRange     '0.0.4',
26 silly addNameRange     '0.0.3',
26 silly addNameRange     '0.0.2',
26 silly addNameRange     '0.0.1' ] ]
27 silly addNamed node-gyp@3.0.3
28 verbose addNamed "3.0.3" is a plain semver version for node-gyp
29 silly mapToRegistry name node-gyp
30 silly mapToRegistry using default registry
31 silly mapToRegistry registry http://r.npmjs.dp/
32 silly mapToRegistry uri http://r.npmjs.dp/node-gyp
33 verbose addRemoteTarball http://r.npmjs.dp/node-gyp/download/node-gyp-3.0.3.tgz not in flight; adding
34 verbose addRemoteTarball [ 'http://r.npmjs.dp/node-gyp/download/node-gyp-3.0.3.tgz',
34 verbose addRemoteTarball   '9b004219f4fa9efbfd78c5fc674aa12e58fb8694' ]
35 info retry fetch attempt 1 at 20:03:08
36 info attempt registry request try #1 at 20:03:08
37 http fetch GET http://r.npmjs.dp/node-gyp/download/node-gyp-3.0.3.tgz
38 http fetch 200 http://r.npmjs.dp/node-gyp/download/node-gyp-3.0.3.tgz
39 silly fetchAndShaCheck shasum 9b004219f4fa9efbfd78c5fc674aa12e58fb8694
40 verbose addTmpTarball /var/folders/w4/lzyrsp_s55s1vb978c6991l40000gn/T/npm-9994-57ab093a/r.npmjs.dp/node-gyp/download/node-gyp-3.0.3.tgz not in flight; adding
41 verbose addTmpTarball already have metadata; skipping unpack for node-gyp@3.0.3
42 silly cache afterAdd node-gyp@3.0.3
43 verbose afterAdd /Users/lihaoyang/.npm/node-gyp/3.0.3/package/package.json not in flight; writing
44 verbose afterAdd /Users/lihaoyang/.npm/node-gyp/3.0.3/package/package.json written
45 silly install resolved [ { name: 'node-gyp',
45 silly install resolved     description: 'Node.js native addon build tool',
45 silly install resolved     license: 'MIT',
45 silly install resolved     keywords: [ 'native', 'addon', 'module', 'c', 'c++', 'bindings', 'gyp' ],
45 silly install resolved     version: '3.0.3',
45 silly install resolved     installVersion: 9,
45 silly install resolved     author:
45 silly install resolved      { name: 'Nathan Rajlich',
45 silly install resolved        email: 'nathan@tootallnate.net',
45 silly install resolved        url: 'http://tootallnate.net' },
45 silly install resolved     repository: { type: 'git', url: 'git://github.com/nodejs/node-gyp.git' },
45 silly install resolved     preferGlobal: true,
45 silly install resolved     bin: { 'node-gyp': './bin/node-gyp.js' },
45 silly install resolved     main: './lib/node-gyp.js',
45 silly install resolved     dependencies:
45 silly install resolved      { fstream: '^1.0.0',
45 silly install resolved        glob: '3 || 4',
45 silly install resolved        'graceful-fs': '^4.1.2',
45 silly install resolved        minimatch: '1',
45 silly install resolved        mkdirp: '^0.5.0',
45 silly install resolved        nopt: '2 || 3',
45 silly install resolved        npmlog: '0 || 1',
45 silly install resolved        osenv: '0',
45 silly install resolved        'path-array': '^1.0.0',
45 silly install resolved        request: '2',
45 silly install resolved        rimraf: '2',
45 silly install resolved        semver: '2.x || 3.x || 4 || 5',
45 silly install resolved        tar: '^1.0.0',
45 silly install resolved        which: '1' },
45 silly install resolved     engines: { node: '>= 0.8.0' },
45 silly install resolved     devDependencies: { tape: '~4.2.0' },
45 silly install resolved     scripts: { test: 'tape test/test-*' },
45 silly install resolved     gitHead: 'd6b03851d366c7fa78e7d2f57c61bb074ea45ea3',
45 silly install resolved     bugs: { url: 'https://github.com/nodejs/node-gyp/issues' },
45 silly install resolved     homepage: 'https://github.com/nodejs/node-gyp',
45 silly install resolved     _id: 'node-gyp@3.0.3',
45 silly install resolved     _shasum: '9b004219f4fa9efbfd78c5fc674aa12e58fb8694',
45 silly install resolved     _from: 'node-gyp@*',
45 silly install resolved     _npmVersion: '2.14.2',
45 silly install resolved     _nodeVersion: '4.0.0',
45 silly install resolved     _npmUser: { name: 'rvagg', email: 'rod@vagg.org' },
45 silly install resolved     maintainers: [ [Object], [Object], [Object], [Object] ],
45 silly install resolved     dist:
45 silly install resolved      { shasum: '9b004219f4fa9efbfd78c5fc674aa12e58fb8694',
45 silly install resolved        size: 388958,
45 silly install resolved        noattachment: false,
45 silly install resolved        key: '/node-gyp/-/node-gyp-3.0.3.tgz',
45 silly install resolved        tarball: 'http://r.npmjs.dp/node-gyp/download/node-gyp-3.0.3.tgz' },
45 silly install resolved     directories: {},
45 silly install resolved     publish_time: 1442192160889,
45 silly install resolved     _cnpm_publish_time: 1442192160889,
45 silly install resolved     _resolved: 'http://r.npmjs.dp/node-gyp/download/node-gyp-3.0.3.tgz' } ]
46 info install node-gyp@3.0.3 into /usr/local/lib
47 info installOne node-gyp@3.0.3
48 verbose installOne of node-gyp to /usr/local/lib not in flight; installing
49 verbose lock using /Users/lihaoyang/.npm/_locks/node-gyp-7153cdcb940d3c17.lock for /usr/local/lib/node_modules/node-gyp
50 silly install write writing node-gyp 3.0.3 to /usr/local/lib/node_modules/node-gyp
51 verbose unbuild lib/node_modules/node-gyp
52 silly gentlyRm /usr/local/lib/node_modules/node-gyp is being purged from base /usr/local
53 verbose gentlyRm don't care about contents; nuking /usr/local/lib/node_modules/node-gyp
54 verbose tar unpack /Users/lihaoyang/.npm/node-gyp/3.0.3/package.tgz
55 verbose tar unpacking to /usr/local/lib/node_modules/node-gyp
56 silly gentlyRm /usr/local/lib/node_modules/node-gyp is being purged
57 verbose gentlyRm don't care about contents; nuking /usr/local/lib/node_modules/node-gyp
58 silly gunzTarPerm modes [ '755', '644' ]
59 error tar.unpack untar error /Users/lihaoyang/.npm/node-gyp/3.0.3/package.tgz
60 verbose unlock done using /Users/lihaoyang/.npm/_locks/node-gyp-7153cdcb940d3c17.lock for /usr/local/lib/node_modules/node-gyp
61 verbose fstream_path /usr/local/lib/node_modules/node-gyp
62 verbose fstream_type Directory
63 verbose fstream_class DirWriter
64 verbose stack Error: EACCES, mkdir '/usr/local/lib/node_modules/node-gyp'
64 verbose stack     at Error (native)
65 verbose fstream_stack /usr/local/lib/node_modules/npm/node_modules/fstream/lib/dir-writer.js:35:25
65 verbose fstream_stack /usr/local/lib/node_modules/npm/node_modules/mkdirp/index.js:47:53
65 verbose fstream_stack FSReqWrap.oncomplete (fs.js:95:15)
66 verbose cwd /Users/lihaoyang/github/0sylvanas.github.io
67 error Darwin 14.4.0
68 error argv "node" "/usr/local/bin/npm" "install" "-g" "node-gyp"
69 error node v0.12.4
70 error npm  v2.13.3
71 error path /usr/local/lib/node_modules/node-gyp
72 error code EACCES
73 error errno -13
74 error Error: EACCES, mkdir '/usr/local/lib/node_modules/node-gyp'
74 error     at Error (native)
74 error  { [Error: EACCES, mkdir '/usr/local/lib/node_modules/node-gyp']
74 error   errno: -13,
74 error   code: 'EACCES',
74 error   path: '/usr/local/lib/node_modules/node-gyp',
74 error   fstream_type: 'Directory',
74 error   fstream_path: '/usr/local/lib/node_modules/node-gyp',
74 error   fstream_class: 'DirWriter',
74 error   fstream_stack:
74 error    [ '/usr/local/lib/node_modules/npm/node_modules/fstream/lib/dir-writer.js:35:25',
74 error      '/usr/local/lib/node_modules/npm/node_modules/mkdirp/index.js:47:53',
74 error      'FSReqWrap.oncomplete (fs.js:95:15)' ] }
75 error Please try running this command again as root/Administrator.
76 verbose exit [ -13, true ]
77 verbose unbuild lib/node_modules/node-gyp
78 silly gentlyRm /usr/local/lib/node_modules/node-gyp is being purged from base /usr/local
79 verbose gentlyRm don't care about contents; nuking /usr/local/lib/node_modules/node-gyp
